<?xml version="1.0" encoding="UTF-8"?>
<!-- Generated by org.testng.reporters.JUnitReportReporter -->
<testsuite hostname="ILD-PUN-LAP-227" failures="0" tests="1" name="beakAIOps.ScriptModuleTestCases.TC06DeleteGlobalLevelScript" time="131.163" errors="0" timestamp="2024-05-03T11:08:08 IST" skipped="0">
  <testcase classname="beakAIOps.ScriptModuleTestCases.TC06DeleteGlobalLevelScript" name="deleteGlobalLevlScripT" time="131.163"/>
  <system-out/>
</testsuite> <!-- beakAIOps.ScriptModuleTestCases.TC06DeleteGlobalLevelScript -->
