<?xml version="1.0" encoding="UTF-8"?>
<!-- Generated by org.testng.reporters.JUnitReportReporter -->
<testsuite hostname="ILD-PUN-LAP-227" failures="0" tests="1" name="satishbase.satTC1" time="37.438" errors="0" timestamp="16 Apr 2024 17:23:23 GMT" skipped="0">
  <testcase classname="satishbase.satTC1" name="satTC01a" time="37.438"/>
</testsuite> <!-- satishbase.satTC1 -->
