<?xml version="1.0" encoding="UTF-8"?>
<!-- Generated by org.testng.reporters.JUnitReportReporter -->
<testsuite hostname="ILD-PUN-LAP-227" failures="0" tests="1" name="beakAIOps.ScriptModuleTestCases.TC03DeactivateGlobalLevalScript" time="110.882" errors="0" timestamp="18 Apr 2024 10:50:28 GMT" skipped="0">
  <testcase classname="beakAIOps.ScriptModuleTestCases.TC03DeactivateGlobalLevalScript" name="DeactivateGlobalLevelScript" time="110.882"/>
</testsuite> <!-- beakAIOps.ScriptModuleTestCases.TC03DeactivateGlobalLevalScript -->
