<?xml version="1.0" encoding="UTF-8"?>
<!-- Generated by org.testng.reporters.JUnitReportReporter -->
<testsuite hostname="ILD-PUN-LAP-227" failures="0" tests="1" name="testCases.TC01LoginFunctinality" time="35.250" errors="0" timestamp="14 Apr 2024 05:25:16 GMT" skipped="0">
  <testcase classname="testCases.TC01LoginFunctinality" name="loginfunctianlity" time="35.250"/>
</testsuite> <!-- testCases.TC01LoginFunctinality -->
