<?xml version="1.0" encoding="UTF-8"?>
<!-- Generated by org.testng.reporters.JUnitReportReporter -->
<testsuite hostname="ILD-PUN-LAP-227" failures="0" tests="1" name="beakAIOps.ScriptModuleTestCases.TC02CreateGlobalLevelScript" time="86.145" errors="0" timestamp="2024-05-02T17:05:28 IST" skipped="0">
  <testcase classname="beakAIOps.ScriptModuleTestCases.TC02CreateGlobalLevelScript" name="createGlobalLevelScript" time="86.145"/>
  <system-out/>
</testsuite> <!-- beakAIOps.ScriptModuleTestCases.TC02CreateGlobalLevelScript -->
