<?xml version="1.0" encoding="UTF-8"?>
<!-- Generated by org.testng.reporters.JUnitReportReporter -->
<testsuite hostname="ILD-PUN-LAP-227" failures="0" tests="1" name="beakAIOps.ScriptModuleTestCases.TC05ReactivateGlobalLevelScript" time="255.759" errors="0" timestamp="2024-05-02T22:05:03 IST" skipped="0">
  <testcase classname="beakAIOps.ScriptModuleTestCases.TC05ReactivateGlobalLevelScript" name="ReactivateGlobalLevelScript" time="255.759"/>
  <system-out/>
</testsuite> <!-- beakAIOps.ScriptModuleTestCases.TC05ReactivateGlobalLevelScript -->
