<?xml version="1.0" encoding="UTF-8"?>
<!-- Generated by org.testng.reporters.JUnitReportReporter -->
<testsuite hostname="ILD-PUN-LAP-227" failures="0" tests="1" name="testCases.TC02CreateGlobalLevelScript" time="72.390" errors="0" timestamp="12 Apr 2024 12:53:52 GMT" skipped="0">
  <testcase classname="testCases.TC02CreateGlobalLevelScript" name="CreateGlobalScript" time="72.390"/>
</testsuite> <!-- testCases.TC02CreateGlobalLevelScript -->
