<?xml version="1.0" encoding="UTF-8"?>
<!-- Generated by org.testng.reporters.JUnitReportReporter -->
<testsuite hostname="ILD-PUN-LAP-227" failures="0" tests="1" name="beakAIOps.ScriptModuleTestCases.TC01VerifyLoginFunctinality" time="81.490" errors="0" timestamp="2024-04-26T11:16:32 IST" skipped="0">
  <testcase classname="beakAIOps.ScriptModuleTestCases.TC01VerifyLoginFunctinality" name="loginFunctionalityCheck" time="81.490"/>
  <system-out/>
</testsuite> <!-- beakAIOps.ScriptModuleTestCases.TC01VerifyLoginFunctinality -->
