<?xml version="1.0" encoding="UTF-8"?>
<!-- Generated by org.testng.reporters.JUnitReportReporter -->
<testsuite hostname="ILD-PUN-LAP-227" failures="0" tests="1" name="beakAIOps.ScriptModuleTestCases.TC02CreateGlobalLevelScript" time="79.787" errors="0" timestamp="25 Apr 2024 15:16:46 GMT" skipped="0">
  <testcase classname="beakAIOps.ScriptModuleTestCases.TC02CreateGlobalLevelScript" name="createGlobalLevelScript" time="79.787"/>
</testsuite> <!-- beakAIOps.ScriptModuleTestCases.TC02CreateGlobalLevelScript -->
