<?xml version="1.0" encoding="UTF-8"?>
<!-- Generated by org.testng.reporters.JUnitReportReporter -->
<testsuite hostname="ILD-PUN-LAP-227" failures="0" tests="1" name="beakAIOps.ScriptModuleTestCases.TC04DeactivateGlobalLevalScript" time="183.107" errors="0" timestamp="2024-05-02T21:42:44 IST" skipped="0">
  <testcase classname="beakAIOps.ScriptModuleTestCases.TC04DeactivateGlobalLevalScript" name="DeactivateGlobalLevelScript" time="183.107"/>
  <system-out/>
</testsuite> <!-- beakAIOps.ScriptModuleTestCases.TC04DeactivateGlobalLevalScript -->
