<?xml version="1.0" encoding="UTF-8"?>
<!-- Generated by org.testng.reporters.JUnitReportReporter -->
<testsuite hostname="ILD-PUN-LAP-227" failures="0" tests="1" name="beakAIOps.ScriptModuleTestCases.TC03EditGlobalLevelScript" time="70.140" errors="0" timestamp="25 Apr 2024 15:16:46 GMT" skipped="0">
  <testcase classname="beakAIOps.ScriptModuleTestCases.TC03EditGlobalLevelScript" name="EditGlobalLevelScript" time="70.140"/>
</testsuite> <!-- beakAIOps.ScriptModuleTestCases.TC03EditGlobalLevelScript -->
